0 info it worked if it ends with ok
1 verbose cli [ 'C:\\Program Files\\nodejs\\node.exe',
1 verbose cli   'C:\\Program Files\\nodejs\\node_modules\\npm\\bin\\npm-cli.js',
1 verbose cli   'run',
1 verbose cli   'styleguide' ]
2 info using npm@3.10.10
3 info using node@v6.11.3
4 verbose run-script [ 'prestyleguide', 'styleguide', 'poststyleguide' ]
5 info lifecycle StarterKit@~prestyleguide: StarterKit@
6 silly lifecycle StarterKit@~prestyleguide: no script for prestyleguide, continuing
7 info lifecycle StarterKit@~styleguide: StarterKit@
8 verbose lifecycle StarterKit@~styleguide: unsafe-perm in lifecycle true
9 verbose lifecycle StarterKit@~styleguide: PATH: C:\Program Files\nodejs\node_modules\npm\bin\node-gyp-bin;C:\Users\rjusserand\Desktop\Projects\starterkit_\node_modules\.bin;C:\Users\rjusserand\Downloads\cmder\bin;C:\Users\rjusserand\Downloads\cmder\vendor\conemu-maximus5\ConEmu\Scripts;C:\Users\rjusserand\Downloads\cmder\bin;C:\Users\rjusserand\Downloads\cmder\vendor\git-for-windows\cmd;C:\Users\rjusserand\Downloads\cmder\vendor\conemu-maximus5\ConEmu\Scripts;C:\Users\rjusserand\Downloads\cmder\vendor\conemu-maximus5;C:\Users\rjusserand\Downloads\cmder\vendor\conemu-maximus5\ConEmu;C:\Program Files (x86)\Intel\iCLS Client\;C:\Program Files\Intel\iCLS Client\;C:\WINDOWS\system32;C:\WINDOWS;C:\WINDOWS\System32\Wbem;C:\WINDOWS\System32\WindowsPowerShell\v1.0\;C:\Program Files (x86)\Intel\Intel(R) Management Engine Components\DAL;C:\Program Files\Intel\Intel(R) Management Engine Components\DAL;C:\Program Files (x86)\Intel\Intel(R) Management Engine Components\IPT;C:\Program Files\Intel\Intel(R) Management Engine Components\IPT;c:\Program Files (x86)\ATI Technologies\ATI.ACE\Core-Static;C:\Program Files\Intel\WiFi\bin\;C:\Program Files\Common Files\Intel\WirelessCommon\;C:\Program Files\nodejs\;C:\Program Files\MySQL\MySQL Server 5.7\bin;C:\Program Files (x86)\GnuWin32\bin;C:\Program Files\Java\jdk1.8.0_144\bin;C:\Program Files (x86)\Yarn\bin;C:\HashiCorp\Vagrant\bin;C:\Users\rjusserand\AppData\Local\Programs\Python\Python36-32\Scripts\;C:\Users\rjusserand\AppData\Local\Programs\Python\Python36-32\;C:\Users\rjusserand\AppData\Local\Microsoft\WindowsApps;C:\Users\rjusserand\AppData\Roaming\npm;C:\Users\rjusserand\AppData\Local\atom\bin;C:\Users\rjusserand\AppData\Local\Yarn\bin;C:\Program Files\Microsoft VS Code\bin;C:\Users\rjusserand\Downloads\cmder\vendor\git-for-windows\usr\bin;C:\Users\rjusserand\Downloads\cmder\vendor\git-for-windows\usr\share\vim\vim74;C:\Users\rjusserand\Downloads\cmder\;C:\Users\rjusserand\Downloads\cmder\vendor\git-for-windows\usr\bin;C:\Users\rjusserand\Downloads\cmder\vendor\git-for-windows\usr\share\vim\vim74;C:\Users\rjusserand\Downloads\cmder\
10 verbose lifecycle StarterKit@~styleguide: CWD: C:\Users\rjusserand\Desktop\Projects\starterkit_
11 silly lifecycle StarterKit@~styleguide: Args: [ '/d /s /c', 'nucleus --config config.nucleus.json' ]
12 silly lifecycle StarterKit@~styleguide: Returned: code: 1  signal: null
13 info lifecycle StarterKit@~styleguide: Failed to exec styleguide script
14 verbose stack Error: StarterKit@ styleguide: `nucleus --config config.nucleus.json`
14 verbose stack Exit status 1
14 verbose stack     at EventEmitter.<anonymous> (C:\Program Files\nodejs\node_modules\npm\lib\utils\lifecycle.js:255:16)
14 verbose stack     at emitTwo (events.js:106:13)
14 verbose stack     at EventEmitter.emit (events.js:191:7)
14 verbose stack     at ChildProcess.<anonymous> (C:\Program Files\nodejs\node_modules\npm\lib\utils\spawn.js:40:14)
14 verbose stack     at emitTwo (events.js:106:13)
14 verbose stack     at ChildProcess.emit (events.js:191:7)
14 verbose stack     at maybeClose (internal/child_process.js:920:16)
14 verbose stack     at Process.ChildProcess._handle.onexit (internal/child_process.js:230:5)
15 verbose pkgid StarterKit@
16 verbose cwd C:\Users\rjusserand\Desktop\Projects\starterkit_
17 error Windows_NT 10.0.16299
18 error argv "C:\\Program Files\\nodejs\\node.exe" "C:\\Program Files\\nodejs\\node_modules\\npm\\bin\\npm-cli.js" "run" "styleguide"
19 error node v6.11.3
20 error npm  v3.10.10
21 error code ELIFECYCLE
22 error StarterKit@ styleguide: `nucleus --config config.nucleus.json`
22 error Exit status 1
23 error Failed at the StarterKit@ styleguide script 'nucleus --config config.nucleus.json'.
23 error Make sure you have the latest version of node.js and npm installed.
23 error If you do, this is most likely a problem with the StarterKit package,
23 error not with npm itself.
23 error Tell the author that this fails on your system:
23 error     nucleus --config config.nucleus.json
23 error You can get information on how to open an issue for this project with:
23 error     npm bugs StarterKit
23 error Or if that isn't available, you can get their info via:
23 error     npm owner ls StarterKit
23 error There is likely additional logging output above.
24 verbose exit [ 1, true ]
